2020-07-07 21:17:00,295 [main] io.cosmosoftware.kite.util.TestUtils  INFO  - Reading 'D:\kite\KITE\Join\configs\meeting.chrome.config.json' ...
 2020-07-07 21:17:00,370 [main] io.cosmosoftware.kite.manager.RoomManager  INFO  - new RoomManager(1) for null
 2020-07-07 21:17:00,370 [main] org.webrtc.kite.config.Configurator  INFO  - Finished reading the configuration file
 2020-07-07 21:17:00,372 [main] io.cosmosoftware.kite.report.Reporter  INFO  - Creating report folder if not exist at :D:\kite\KITE\Join/kite-allure-reports/
 2020-07-07 21:17:00,379 [main] org.webrtc.kite.config.Configurator  DEBUG - Tuple = null
 2020-07-07 21:17:00,382 [pool-1-thread-1] org.webrtc.kite.TestRunThread  INFO  - Running {"type":"interop","name":"Join Meeting Test %ts","testImpl":"org.webrtc.kite.sample.test.JoinMeetingTest","description":"searches for telebu and initiate call","tupleSize":3,"noOfThreads":1,"maxRetryCount":0,"delayForClosing":0,"permute":true} ...
 2020-07-07 21:17:00,727 [pool-1-thread-1] org.webrtc.kite.MatrixRunner  INFO  - Executing {"type":"interop","name":"Join Meeting Test %ts","testImpl":"org.webrtc.kite.sample.test.JoinMeetingTest","description":"searches for telebu and initiate call","tupleSize":3,"noOfThreads":1,"maxRetryCount":0,"delayForClosing":0,"permute":true} for 1 browser tuples with size :3
 2020-07-07 21:17:00,733 [pool-1-thread-1] org.webrtc.kite.TestManager  INFO  - current phase in test manager has been set to DEFAULT
 2020-07-07 21:17:00,746 [pool-2-thread-1] org.webrtc.kite.TestManager  INFO  - 
           |--------------------------------------------------
           | Number of registered tests: 0
           | Elapsed time: 0m0s (avg:0m0s)
           | Running test case with ID: 0/1
           | ETA (for Join Meeting Test %ts): Estimating..
           |--------------------------------------------------
 2020-07-07 21:17:00,747 [pool-2-thread-1] 2020-07-07-211700  INFO  - execute(DEFAULT) for the test case: WIN_ch-WIN_ch-WIN_ch (2020-07-07-211700)
 2020-07-07 21:17:00,750 [pool-2-thread-1] 2020-07-07-211700  INFO  - Not load test, init report for test
 2020-07-07 21:17:00,762 [pool-2-thread-1] 2020-07-07-211700  INFO  - Finished filling out initial report for phase 
 2020-07-07 21:17:00,762 [pool-2-thread-1] 2020-07-07-211700  INFO  - payload handling
 2020-07-07 21:17:00,763 [pool-2-thread-1] 2020-07-07-211700  INFO  - the payload is {"takeScreenshotForEachTest":true,"meetingDuration":60,"multiThread":true,"sfu":true}
 2020-07-07 21:17:00,821 [pool-2-thread-1] 2020-07-07-211700  INFO  - Creating runners
 2020-07-07 21:17:00,823 [pool-3-thread-1] 2020-07-07-211700  INFO  - Start creating the TestRunner id 0 in 0ms
 2020-07-07 21:17:00,823 [pool-3-thread-2] 2020-07-07-211700  INFO  - Start creating the TestRunner id 1 in 0ms
 2020-07-07 21:17:00,824 [pool-3-thread-3] 2020-07-07-211700  INFO  - Start creating the TestRunner id 2 in 0ms
 2020-07-07 21:17:00,840 [pool-3-thread-2] 2020-07-07-211700  INFO  - Creating web driver for {"app":false,"kind":"browser","logger":{"name":"org.webrtc.kite.config.client.Client","debugEnabled":true},"count":5,"clientIndex":0,"fullReset":false,"jsonConfig":{"_video":{"duration":{},"filename":{},"type":{},"directory":{}},"browserName":{},"platform":{},"_audio":{"duration":{},"filename":{},"type":{},"directory":{}},"useFakeMedia":"true"},"capability":{"headless":false,"windowSize":"1920,1200","technologyPreview":false,"useFakeMedia":true,"flags":[],"extraCapabilities":{},"maxInstances":5,"gateway":"none"},"paas":{"availableSlots":0,"type":"local","region":"NC","url":"http://0.0.0.0:4444/wd/hub"},"name":"1","exclude":false,"browserSpecs":{"extension":"","profile":"","driverString":"-Dwebdriver.chrome.driver=./chromedriver","browserName":"chrome","deviceName":"unknown","platform":"WINDOWS"},"region":"NC"}
 2020-07-07 21:17:00,840 [pool-3-thread-1] 2020-07-07-211700  INFO  - Creating web driver for {"app":false,"kind":"browser","logger":{"name":"org.webrtc.kite.config.client.Client","debugEnabled":true},"count":5,"clientIndex":0,"fullReset":false,"jsonConfig":{"_video":{"duration":{},"filename":{},"type":{},"directory":{}},"browserName":{},"platform":{},"_audio":{"duration":{},"filename":{},"type":{},"directory":{}},"useFakeMedia":"true"},"capability":{"headless":false,"windowSize":"1920,1200","technologyPreview":false,"useFakeMedia":true,"flags":[],"extraCapabilities":{},"maxInstances":5,"gateway":"none"},"paas":{"availableSlots":0,"type":"local","region":"NC","url":"http://0.0.0.0:4444/wd/hub"},"name":"0","exclude":false,"browserSpecs":{"extension":"","profile":"","driverString":"-Dwebdriver.chrome.driver=./chromedriver","browserName":"chrome","deviceName":"unknown","platform":"WINDOWS"},"region":"NC"}
 2020-07-07 21:17:00,840 [pool-3-thread-3] 2020-07-07-211700  INFO  - Creating web driver for {"app":false,"kind":"browser","logger":{"name":"org.webrtc.kite.config.client.Client","debugEnabled":true},"count":5,"clientIndex":0,"fullReset":false,"jsonConfig":{"_video":{"duration":{},"filename":{},"type":{},"directory":{}},"browserName":{},"platform":{},"_audio":{"duration":{},"filename":{},"type":{},"directory":{}},"useFakeMedia":"true"},"capability":{"headless":false,"windowSize":"1920,1200","technologyPreview":false,"useFakeMedia":true,"flags":[],"extraCapabilities":{},"maxInstances":5,"gateway":"none"},"paas":{"availableSlots":0,"type":"local","region":"NC","url":"http://0.0.0.0:4444/wd/hub"},"name":"2","exclude":false,"browserSpecs":{"extension":"","profile":"","driverString":"-Dwebdriver.chrome.driver=./chromedriver","browserName":"chrome","deviceName":"unknown","platform":"WINDOWS"},"region":"NC"}
 2020-07-07 21:17:00,845 [pool-3-thread-1] org.webrtc.kite.WebDriverFactory  DEBUG - createWebDriver on http://0.0.0.0:4444/wd/hub for {"app":false,"kind":"browser","logger":{"name":"org.webrtc.kite.config.client.Client","debugEnabled":true},"count":5,"clientIndex":0,"fullReset":false,"jsonConfig":{"_video":{"duration":{},"filename":{},"type":{},"directory":{}},"browserName":{},"platform":{},"_audio":{"duration":{},"filename":{},"type":{},"directory":{}},"useFakeMedia":"true"},"capability":{"headless":false,"windowSize":"1920,1200","technologyPreview":false,"useFakeMedia":true,"flags":[],"extraCapabilities":{},"maxInstances":5,"gateway":"none"},"paas":{"availableSlots":0,"type":"local","region":"NC","url":"http://0.0.0.0:4444/wd/hub"},"name":"0","exclude":false,"browserSpecs":{"extension":"","profile":"","driverString":"-Dwebdriver.chrome.driver=./chromedriver","browserName":"chrome","deviceName":"unknown","platform":"WINDOWS"},"region":"NC"}
 2020-07-07 21:17:00,845 [pool-3-thread-2] org.webrtc.kite.WebDriverFactory  DEBUG - createWebDriver on http://0.0.0.0:4444/wd/hub for {"app":false,"kind":"browser","logger":{"name":"org.webrtc.kite.config.client.Client","debugEnabled":true},"count":5,"clientIndex":0,"fullReset":false,"jsonConfig":{"_video":{"duration":{},"filename":{},"type":{},"directory":{}},"browserName":{},"platform":{},"_audio":{"duration":{},"filename":{},"type":{},"directory":{}},"useFakeMedia":"true"},"capability":{"headless":false,"windowSize":"1920,1200","technologyPreview":false,"useFakeMedia":true,"flags":[],"extraCapabilities":{},"maxInstances":5,"gateway":"none"},"paas":{"availableSlots":0,"type":"local","region":"NC","url":"http://0.0.0.0:4444/wd/hub"},"name":"1","exclude":false,"browserSpecs":{"extension":"","profile":"","driverString":"-Dwebdriver.chrome.driver=./chromedriver","browserName":"chrome","deviceName":"unknown","platform":"WINDOWS"},"region":"NC"}
 2020-07-07 21:17:00,845 [pool-3-thread-3] org.webrtc.kite.WebDriverFactory  DEBUG - createWebDriver on http://0.0.0.0:4444/wd/hub for {"app":false,"kind":"browser","logger":{"name":"org.webrtc.kite.config.client.Client","debugEnabled":true},"count":5,"clientIndex":0,"fullReset":false,"jsonConfig":{"_video":{"duration":{},"filename":{},"type":{},"directory":{}},"browserName":{},"platform":{},"_audio":{"duration":{},"filename":{},"type":{},"directory":{}},"useFakeMedia":"true"},"capability":{"headless":false,"windowSize":"1920,1200","technologyPreview":false,"useFakeMedia":true,"flags":[],"extraCapabilities":{},"maxInstances":5,"gateway":"none"},"paas":{"availableSlots":0,"type":"local","region":"NC","url":"http://0.0.0.0:4444/wd/hub"},"name":"2","exclude":false,"browserSpecs":{"extension":"","profile":"","driverString":"-Dwebdriver.chrome.driver=./chromedriver","browserName":"chrome","deviceName":"unknown","platform":"WINDOWS"},"region":"NC"}
 2020-07-07 21:17:00,902 [pool-3-thread-1] org.webrtc.kite.WebDriverFactory  DEBUG - ChromeOptions: {browserName=chrome, goog:chromeOptions={args=[use-fake-ui-for-media-stream, use-fake-device-for-media-stream, enable-automation, no-sandbox, disable-infobars, disable-dev-shm-usage, disable-browser-side-navigation, disable-gpu, auto-select-desktop-capture-source=Entire screen, window-size=1920,1200], extensions=[], prefs={profile.default_content_setting_values.media_stream_mic=1, profile.default_content_setting_values.media_stream_camera=1}}, pageLoadStrategy=eager}
 2020-07-07 21:17:00,902 [pool-3-thread-2] org.webrtc.kite.WebDriverFactory  DEBUG - ChromeOptions: {browserName=chrome, goog:chromeOptions={args=[use-fake-ui-for-media-stream, use-fake-device-for-media-stream, enable-automation, no-sandbox, disable-infobars, disable-dev-shm-usage, disable-browser-side-navigation, disable-gpu, auto-select-desktop-capture-source=Entire screen, window-size=1920,1200], extensions=[], prefs={profile.default_content_setting_values.media_stream_mic=1, profile.default_content_setting_values.media_stream_camera=1}}, pageLoadStrategy=eager}
 2020-07-07 21:17:00,902 [pool-3-thread-3] org.webrtc.kite.WebDriverFactory  DEBUG - ChromeOptions: {browserName=chrome, goog:chromeOptions={args=[use-fake-ui-for-media-stream, use-fake-device-for-media-stream, enable-automation, no-sandbox, disable-infobars, disable-dev-shm-usage, disable-browser-side-navigation, disable-gpu, auto-select-desktop-capture-source=Entire screen, window-size=1920,1200], extensions=[], prefs={profile.default_content_setting_values.media_stream_mic=1, profile.default_content_setting_values.media_stream_camera=1}}, pageLoadStrategy=eager}
 2020-07-07 21:17:00,916 [pool-3-thread-1] org.webrtc.kite.WebDriverFactory  DEBUG - Capabilites for {"app":false,"kind":"browser","logger":{"name":"org.webrtc.kite.config.client.Client","debugEnabled":true},"count":5,"clientIndex":0,"fullReset":false,"jsonConfig":{"_video":{"duration":{},"filename":{},"type":{},"directory":{}},"browserName":{},"platform":{},"_audio":{"duration":{},"filename":{},"type":{},"directory":{}},"useFakeMedia":"true"},"capability":{"headless":false,"windowSize":"1920,1200","technologyPreview":false,"useFakeMedia":true,"flags":[],"extraCapabilities":{},"maxInstances":5,"gateway":"none"},"paas":{"availableSlots":0,"type":"local","region":"NC","url":"http://0.0.0.0:4444/wd/hub"},"name":"0","exclude":false,"browserSpecs":{"extension":"","profile":"","driverString":"-Dwebdriver.chrome.driver=./chromedriver","browserName":"chrome","deviceName":"unknown","platform":"WINDOWS"},"region":"NC"} = 
Capabilities {browserName: chrome, goog:chromeOptions: {args: [use-fake-ui-for-media-stream, use-fake-device-for-media-s..., enable-automation, no-sandbox, disable-infobars, disable-dev-shm-usage, disable-browser-side-naviga..., disable-gpu, auto-select-desktop-capture..., window-size=1920,1200], extensions: [], prefs: {profile.default_content_setting_values.media_stream_camera: 1, profile.default_content_setting_values.media_stream_mic: 1}}, goog:loggingPrefs: org.openqa.selenium.logging..., loggingPrefs: org.openqa.selenium.logging..., pageLoadStrategy: eager, platformName: WINDOWS}
 2020-07-07 21:17:00,916 [pool-3-thread-3] org.webrtc.kite.WebDriverFactory  DEBUG - Capabilites for {"app":false,"kind":"browser","logger":{"name":"org.webrtc.kite.config.client.Client","debugEnabled":true},"count":5,"clientIndex":0,"fullReset":false,"jsonConfig":{"_video":{"duration":{},"filename":{},"type":{},"directory":{}},"browserName":{},"platform":{},"_audio":{"duration":{},"filename":{},"type":{},"directory":{}},"useFakeMedia":"true"},"capability":{"headless":false,"windowSize":"1920,1200","technologyPreview":false,"useFakeMedia":true,"flags":[],"extraCapabilities":{},"maxInstances":5,"gateway":"none"},"paas":{"availableSlots":0,"type":"local","region":"NC","url":"http://0.0.0.0:4444/wd/hub"},"name":"2","exclude":false,"browserSpecs":{"extension":"","profile":"","driverString":"-Dwebdriver.chrome.driver=./chromedriver","browserName":"chrome","deviceName":"unknown","platform":"WINDOWS"},"region":"NC"} = 
Capabilities {browserName: chrome, goog:chromeOptions: {args: [use-fake-ui-for-media-stream, use-fake-device-for-media-s..., enable-automation, no-sandbox, disable-infobars, disable-dev-shm-usage, disable-browser-side-naviga..., disable-gpu, auto-select-desktop-capture..., window-size=1920,1200], extensions: [], prefs: {profile.default_content_setting_values.media_stream_camera: 1, profile.default_content_setting_values.media_stream_mic: 1}}, goog:loggingPrefs: org.openqa.selenium.logging..., loggingPrefs: org.openqa.selenium.logging..., pageLoadStrategy: eager, platformName: WINDOWS}
 2020-07-07 21:17:00,916 [pool-3-thread-2] org.webrtc.kite.WebDriverFactory  DEBUG - Capabilites for {"app":false,"kind":"browser","logger":{"name":"org.webrtc.kite.config.client.Client","debugEnabled":true},"count":5,"clientIndex":0,"fullReset":false,"jsonConfig":{"_video":{"duration":{},"filename":{},"type":{},"directory":{}},"browserName":{},"platform":{},"_audio":{"duration":{},"filename":{},"type":{},"directory":{}},"useFakeMedia":"true"},"capability":{"headless":false,"windowSize":"1920,1200","technologyPreview":false,"useFakeMedia":true,"flags":[],"extraCapabilities":{},"maxInstances":5,"gateway":"none"},"paas":{"availableSlots":0,"type":"local","region":"NC","url":"http://0.0.0.0:4444/wd/hub"},"name":"1","exclude":false,"browserSpecs":{"extension":"","profile":"","driverString":"-Dwebdriver.chrome.driver=./chromedriver","browserName":"chrome","deviceName":"unknown","platform":"WINDOWS"},"region":"NC"} = 
Capabilities {browserName: chrome, goog:chromeOptions: {args: [use-fake-ui-for-media-stream, use-fake-device-for-media-s..., enable-automation, no-sandbox, disable-infobars, disable-dev-shm-usage, disable-browser-side-naviga..., disable-gpu, auto-select-desktop-capture..., window-size=1920,1200], extensions: [], prefs: {profile.default_content_setting_values.media_stream_camera: 1, profile.default_content_setting_values.media_stream_mic: 1}}, goog:loggingPrefs: org.openqa.selenium.logging..., loggingPrefs: org.openqa.selenium.logging..., pageLoadStrategy: eager, platformName: WINDOWS}
 2020-07-07 21:17:05,030 [pool-3-thread-1] io.cosmosoftware.kite.util.TestUtils  DEBUG - urlStr: http://0.0.0.0:4444
 2020-07-07 21:17:05,074 [pool-3-thread-2] io.cosmosoftware.kite.util.TestUtils  DEBUG - urlStr: http://0.0.0.0:4444
 2020-07-07 21:17:05,076 [pool-3-thread-3] io.cosmosoftware.kite.util.TestUtils  DEBUG - urlStr: http://0.0.0.0:4444
 2020-07-07 21:17:05,242 [pool-3-thread-2] io.cosmosoftware.kite.util.TestUtils  DEBUG - response->HttpResponseProxy{HTTP/1.1 200 OK [Date: Tue, 07 Jul 2020 15:47:05 GMT, Content-Type: application/json;charset=utf-8, Content-Length: 227, Server: Jetty(9.4.z-SNAPSHOT)] ResponseEntityProxy{[Content-Type: application/json;charset=utf-8,Content-Length: 227,Chunked: false]}}
 2020-07-07 21:17:05,242 [pool-3-thread-1] io.cosmosoftware.kite.util.TestUtils  DEBUG - response->HttpResponseProxy{HTTP/1.1 200 OK [Date: Tue, 07 Jul 2020 15:47:05 GMT, Content-Type: application/json;charset=utf-8, Content-Length: 227, Server: Jetty(9.4.z-SNAPSHOT)] ResponseEntityProxy{[Content-Type: application/json;charset=utf-8,Content-Length: 227,Chunked: false]}}
 2020-07-07 21:17:05,242 [pool-3-thread-3] io.cosmosoftware.kite.util.TestUtils  DEBUG - response->HttpResponseProxy{HTTP/1.1 200 OK [Date: Tue, 07 Jul 2020 15:47:05 GMT, Content-Type: application/json;charset=utf-8, Content-Length: 227, Server: Jetty(9.4.z-SNAPSHOT)] ResponseEntityProxy{[Content-Type: application/json;charset=utf-8,Content-Length: 227,Chunked: false]}}
 2020-07-07 21:17:05,406 [pool-3-thread-3] 2020-07-07-211700  DEBUG - created {"app":false,"kind":"browser","logger":{"name":"org.webrtc.kite.config.client.Client","debugEnabled":true},"count":5,"clientIndex":0,"fullReset":false,"jsonConfig":{"_video":{"duration":{},"filename":{},"type":{},"directory":{}},"browserName":{},"platform":{},"_audio":{"duration":{},"filename":{},"type":{},"directory":{}},"useFakeMedia":"true"},"capability":{"headless":false,"windowSize":"1920,1200","technologyPreview":false,"useFakeMedia":true,"flags":[],"extraCapabilities":{},"maxInstances":5,"gateway":"none"},"webDriver":{"currentUrl":"data:,","keyboard":{},"mouse":{},"windowHandle":"CDwindow-C4AF0A8E0B2475E3D65DA4AFBAEDCAA6","capabilities":{"browserName":"chrome","javascriptEnabled":true,"version":"83.0.4103.116"},"fileDetector":{},"pageSource":"<html><head><\/head><body><\/body><\/html>","errorHandler":{"includeServerErrors":true},"sessionId":{},"title":"","commandExecutor":{"addressOfRemoteServer":"http://0.0.0.0:4444/wd/hub"},"windowHandles":["CDwindow-C4AF0A8E0B2475E3D65DA4AFBAEDCAA6"]},"paas":{"availableSlots":0,"type":"local","region":"NC","url":"http://0.0.0.0:4444/wd/hub"},"name":"2","exclude":false,"browserSpecs":{"extension":"","profile":"","driverString":"-Dwebdriver.chrome.driver=./chromedriver","browserName":"chrome","deviceName":"unknown","platform":"WINDOWS"},"region":"NC"} on node: http://192.168.1.8:6001
 2020-07-07 21:17:05,406 [pool-3-thread-2] 2020-07-07-211700  DEBUG - created {"app":false,"kind":"browser","logger":{"name":"org.webrtc.kite.config.client.Client","debugEnabled":true},"count":5,"clientIndex":0,"fullReset":false,"jsonConfig":{"_video":{"duration":{},"filename":{},"type":{},"directory":{}},"browserName":{},"platform":{},"_audio":{"duration":{},"filename":{},"type":{},"directory":{}},"useFakeMedia":"true"},"capability":{"headless":false,"windowSize":"1920,1200","technologyPreview":false,"useFakeMedia":true,"flags":[],"extraCapabilities":{},"maxInstances":5,"gateway":"none"},"webDriver":{"currentUrl":"data:,","keyboard":{},"mouse":{},"windowHandle":"CDwindow-A5DB644CAF661726091CDAEC47E7EA80","capabilities":{"browserName":"chrome","javascriptEnabled":true,"version":"83.0.4103.116"},"fileDetector":{},"pageSource":"<html><head><\/head><body><\/body><\/html>","errorHandler":{"includeServerErrors":true},"sessionId":{},"title":"","commandExecutor":{"addressOfRemoteServer":"http://0.0.0.0:4444/wd/hub"},"windowHandles":["CDwindow-A5DB644CAF661726091CDAEC47E7EA80"]},"paas":{"availableSlots":0,"type":"local","region":"NC","url":"http://0.0.0.0:4444/wd/hub"},"name":"1","exclude":false,"browserSpecs":{"extension":"","profile":"","driverString":"-Dwebdriver.chrome.driver=./chromedriver","browserName":"chrome","deviceName":"unknown","platform":"WINDOWS"},"region":"NC"} on node: http://192.168.1.8:6001
 2020-07-07 21:17:05,411 [pool-3-thread-1] 2020-07-07-211700  DEBUG - created {"app":false,"kind":"browser","logger":{"name":"org.webrtc.kite.config.client.Client","debugEnabled":true},"count":5,"clientIndex":0,"fullReset":false,"jsonConfig":{"_video":{"duration":{},"filename":{},"type":{},"directory":{}},"browserName":{},"platform":{},"_audio":{"duration":{},"filename":{},"type":{},"directory":{}},"useFakeMedia":"true"},"capability":{"headless":false,"windowSize":"1920,1200","technologyPreview":false,"useFakeMedia":true,"flags":[],"extraCapabilities":{},"maxInstances":5,"gateway":"none"},"webDriver":{"currentUrl":"data:,","keyboard":{},"mouse":{},"windowHandle":"CDwindow-D72CF3864AABED65A2CC10D569CCA542","capabilities":{"browserName":"chrome","javascriptEnabled":true,"version":"83.0.4103.116"},"fileDetector":{},"pageSource":"<html><head><\/head><body><\/body><\/html>","errorHandler":{"includeServerErrors":true},"sessionId":{},"title":"","commandExecutor":{"addressOfRemoteServer":"http://0.0.0.0:4444/wd/hub"},"windowHandles":["CDwindow-D72CF3864AABED65A2CC10D569CCA542"]},"paas":{"availableSlots":0,"type":"local","region":"NC","url":"http://0.0.0.0:4444/wd/hub"},"name":"0","exclude":false,"browserSpecs":{"extension":"","profile":"","driverString":"-Dwebdriver.chrome.driver=./chromedriver","browserName":"chrome","deviceName":"unknown","platform":"WINDOWS"},"region":"NC"} on node: http://192.168.1.8:6001
 2020-07-07 21:17:09,918 [pool-2-thread-1] 2020-07-07-211700  DEBUG - SETTING STEP PHASE FOR RUNNER TO DEFAULT
 2020-07-07 21:17:09,919 [pool-2-thread-1] 2020-07-07-211700  DEBUG - SETTING STEP PHASE FOR RUNNER TO DEFAULT
 2020-07-07 21:17:09,919 [pool-2-thread-1] 2020-07-07-211700  DEBUG - SETTING STEP PHASE FOR RUNNER TO DEFAULT
 2020-07-07 21:17:09,920 [pool-2-thread-1] 2020-07-07-211700  INFO  - Starting the execution of the test runners in parallel 
 2020-07-07 21:17:09,925 [pool-4-thread-1] 2020-07-07-211700  INFO  - Start processing the TestRunner(DEFAULT) id 0 in 0ms
 2020-07-07 21:17:09,926 [pool-4-thread-2] 2020-07-07-211700  INFO  - Start processing the TestRunner(DEFAULT) id 1 in 0ms
 2020-07-07 21:17:09,926 [pool-4-thread-3] 2020-07-07-211700  INFO  - Start processing the TestRunner(DEFAULT) id 2 in 0ms
 2020-07-07 21:17:15,157 [pool-4-thread-1] 2020-07-07-211700  INFO  - ch83_WIN-a6960 - 0:  [PASSED] Navigate to join website
 2020-07-07 21:17:39,900 [pool-4-thread-1] 2020-07-07-211700  INFO  - room link is available
 2020-07-07 21:17:39,947 [pool-4-thread-1] 2020-07-07-211700  INFO  - ch83_WIN-a6960 - 0:  [PASSED] Get otp and login step
 2020-07-07 21:17:40,048 [pool-4-thread-1] 2020-07-07-211700  ERROR - generated link is not same
 2020-07-07 21:17:40,048 [pool-4-thread-1] 2020-07-07-211700  INFO  - ch83_WIN-a6960 - 0: Link Generated by Host is https://webrtc-e0ca2.web.app/meeting/C6-DfHG3
 2020-07-07 21:17:40,336 [pool-4-thread-1] 2020-07-07-211700  INFO  - ch83_WIN-a6960 - 0:  [PASSED] link checks and share with participant
 2020-07-07 21:17:42,115 [pool-4-thread-1] 2020-07-07-211700  INFO  - skip echo in host
 2020-07-07 21:17:42,176 [pool-4-thread-1] 2020-07-07-211700  INFO  - ch83_WIN-a6960 - 0:  [PASSED] Echo test
 2020-07-07 21:17:42,648 [pool-4-thread-1] 2020-07-07-211700  INFO  - filling Host name
 2020-07-07 21:17:42,957 [pool-4-thread-1] 2020-07-07-211700  INFO  - ch83_WIN-a6960 - 0:  [PASSED] Meeting Name Test
 2020-07-07 21:17:42,958 [pool-4-thread-1] 2020-07-07-211700  INFO  - In Message Pannel
 2020-07-07 21:17:48,253 [pool-4-thread-3] 2020-07-07-211700  INFO  - ch83_WIN-2b2b7 - 2: Skip Echo test In Participant
 2020-07-07 21:17:48,393 [pool-4-thread-2] 2020-07-07-211700  INFO  - ch83_WIN-f3eb9 - 1: Skip Echo test In Participant
 2020-07-07 21:17:49,038 [pool-4-thread-3] 2020-07-07-211700  INFO  - ch83_WIN-2b2b7 - 2: Participant Name Done
 2020-07-07 21:17:49,039 [pool-4-thread-3] 2020-07-07-211700  INFO  - ch83_WIN-2b2b7 - 2: In Participant Message Panel 
 2020-07-07 21:17:49,192 [pool-4-thread-2] 2020-07-07-211700  INFO  - ch83_WIN-f3eb9 - 1: Participant Name Done
 2020-07-07 21:17:49,193 [pool-4-thread-2] 2020-07-07-211700  INFO  - ch83_WIN-f3eb9 - 1: In Participant Message Panel 
 2020-07-07 21:17:59,640 [pool-4-thread-3] 2020-07-07-211700  INFO  - Total Received message in Participant 3
 2020-07-07 21:17:59,641 [pool-4-thread-3] 2020-07-07-211700  INFO  - all msg was received
 2020-07-07 21:17:59,648 [pool-4-thread-3] 2020-07-07-211700  INFO  - ch83_WIN-2b2b7 - 2: In Mute Unmute Operation for Participant
 2020-07-07 21:17:59,685 [pool-4-thread-2] 2020-07-07-211700  INFO  - Total Received message in Participant 3
 2020-07-07 21:17:59,689 [pool-4-thread-2] 2020-07-07-211700  INFO  - all msg was received
 2020-07-07 21:17:59,695 [pool-4-thread-2] 2020-07-07-211700  INFO  - ch83_WIN-f3eb9 - 1: In Mute Unmute Operation for Participant
 2020-07-07 21:18:01,777 [pool-4-thread-1] 2020-07-07-211700  INFO  - total msg 3
 2020-07-07 21:18:01,777 [pool-4-thread-1] 2020-07-07-211700  INFO  - ch83_WIN-a6960 - 0: msg send by host
 2020-07-07 21:18:01,917 [pool-4-thread-1] 2020-07-07-211700  INFO  - [object MediaStream]
 2020-07-07 21:18:02,247 [pool-4-thread-1] 2020-07-07-211700  INFO  - ch83_WIN-a6960 - 0: all msg was received
 2020-07-07 21:18:02,294 [pool-4-thread-1] 2020-07-07-211700  INFO  - ch83_WIN-a6960 - 0:  [PASSED] Message verification Test
 2020-07-07 21:18:02,630 [pool-4-thread-1] 2020-07-07-211700  INFO  - number of participant including host 3
 2020-07-07 21:18:02,947 [pool-4-thread-1] 2020-07-07-211700  INFO  - ch83_WIN-a6960 - 0:  [PASSED] Member count Verification Test
 2020-07-07 21:18:05,116 [pool-4-thread-3] 2020-07-07-211700  INFO  - ch83_WIN-2b2b7 - 2: In Play/Pause Operation for Participant
 2020-07-07 21:18:05,182 [pool-4-thread-2] 2020-07-07-211700  INFO  - ch83_WIN-f3eb9 - 1: In Play/Pause Operation for Participant
 2020-07-07 21:18:05,570 [pool-4-thread-1] 2020-07-07-211700  INFO  - in mute0
 2020-07-07 21:18:05,715 [pool-4-thread-1] 2020-07-07-211700  INFO  - Audio Muted
 2020-07-07 21:18:10,727 [pool-4-thread-1] 2020-07-07-211700  INFO  - ch83_WIN-a6960 - 0: mute icon is visible on mute click
 2020-07-07 21:18:13,171 [pool-4-thread-1] 2020-07-07-211700  INFO  - Audio Unmuted
 2020-07-07 21:18:13,212 [pool-4-thread-1] 2020-07-07-211700  INFO  - ch83_WIN-a6960 - 0:  [PASSED] mute button Test
 2020-07-07 21:18:21,592 [pool-4-thread-1] 2020-07-07-211700  INFO  - ch83_WIN-a6960 - 0: Room is locked,Room Lock feature working fine
 2020-07-07 21:18:21,957 [pool-4-thread-1] 2020-07-07-211700  INFO  - [object MediaStream]
 2020-07-07 21:18:22,260 [pool-4-thread-1] 2020-07-07-211700  INFO  - ch83_WIN-a6960 - 0:  [PASSED] Lock Room Test
 2020-07-07 21:18:24,748 [pool-4-thread-1] 2020-07-07-211700  INFO  - in video0
 2020-07-07 21:18:24,850 [pool-4-thread-1] 2020-07-07-211700  INFO  - video paused
 2020-07-07 21:18:27,184 [pool-4-thread-1] 2020-07-07-211700  INFO  - video play
 2020-07-07 21:18:27,226 [pool-4-thread-1] 2020-07-07-211700  INFO  - ch83_WIN-a6960 - 0:  [PASSED] Video play/pause test
 2020-07-07 21:18:30,593 [pool-4-thread-1] 2020-07-07-211700  INFO  - ch83_WIN-a6960 - 0:  [PASSED] connecton Data checks
 2020-07-07 21:18:33,605 [pool-4-thread-1] 2020-07-07-211700  INFO  - true
 2020-07-07 21:18:33,697 [pool-4-thread-1] 2020-07-07-211700  INFO  -  In Fullscreen Mode
 2020-07-07 21:18:36,056 [pool-4-thread-1] 2020-07-07-211700  INFO  - ch83_WIN-a6960 - 0:  [PASSED] FullScreen And mute all test
 2020-07-07 21:18:36,188 [pool-4-thread-1] 2020-07-07-211700  INFO  - Available video 3
 2020-07-07 21:18:36,286 [pool-4-thread-1] 2020-07-07-211700  INFO  - [object MediaStream]
 2020-07-07 21:18:36,553 [pool-4-thread-1] 2020-07-07-211700  INFO  - ch83_WIN-a6960 - 0:  [PASSED] Check the All videos are being received
 2020-07-07 21:18:36,743 [pool-4-thread-1] 2020-07-07-211700  INFO  - Resolution in meedium setting
 2020-07-07 21:18:36,953 [pool-4-thread-1] 2020-07-07-211700  INFO  - 240
 2020-07-07 21:18:37,297 [pool-4-thread-1] 2020-07-07-211700  INFO  - Resolution in low setting
 2020-07-07 21:18:37,515 [pool-4-thread-1] 2020-07-07-211700  INFO  - 140
 2020-07-07 21:18:37,871 [pool-4-thread-1] 2020-07-07-211700  INFO  - Resolution in high setting
 2020-07-07 21:18:38,096 [pool-4-thread-1] 2020-07-07-211700  INFO  - 360
 2020-07-07 21:18:38,097 [pool-4-thread-1] 2020-07-07-211700  INFO  - ch83_WIN-a6960 - 0:  [PASSED] Resolution Test
 2020-07-07 21:18:39,357 [pool-4-thread-1] 2020-07-07-211700  ERROR - Step skipped:
   message = Screen Share button is not working


 2020-07-07 21:18:39,358 [pool-4-thread-1] 2020-07-07-211700  DEBUG - io.cosmosoftware.kite.exception.KiteTestException: Screen Share button is not working


	at org.webrtc.kite.sample.checks.ScreenSharechecks.step(ScreenSharechecks.java:27)
	at io.cosmosoftware.kite.steps.TestStep.execute(TestStep.java:67)
	at io.cosmosoftware.kite.steps.TestStep.processTestStep(TestStep.java:307)
	at org.webrtc.kite.tests.TestRunner.call(TestRunner.java:182)
	at java.util.concurrent.FutureTask.run(Unknown Source)
	at java.util.concurrent.ThreadPoolExecutor.runWorker(Unknown Source)
	at java.util.concurrent.ThreadPoolExecutor$Worker.run(Unknown Source)
	at java.lang.Thread.run(Unknown Source)

 2020-07-07 21:18:39,366 [pool-4-thread-1] 2020-07-07-211700  INFO  - ch83_WIN-a6960 - 0:  [SKIPPED] Screen Share Test
 2020-07-07 21:18:59,826 [pool-4-thread-1] 2020-07-07-211700  INFO  - ch83_WIN-a6960 - 0:  [PASSED] Hangout
 2020-07-07 21:19:07,418 [pool-4-thread-1] 2020-07-07-211700  INFO  - ch83_WIN-a6960 - 0:  [PASSED] Profile Data Test
 2020-07-07 21:19:20,828 [pool-4-thread-2] 2020-07-07-211700  INFO  - ch83_WIN-f3eb9 - 1:  [PASSED] Participant Join script
 2020-07-07 21:19:24,726 [pool-4-thread-3] 2020-07-07-211700  INFO  - ch83_WIN-2b2b7 - 2:  [PASSED] Participant Join script
 2020-07-07 21:19:24,729 [pool-2-thread-1] 2020-07-07-211700  INFO  - execute(DEFAULT) completed.
 2020-07-07 21:19:24,730 [pool-2-thread-1] 2020-07-07-211700  INFO  - Terminating, quiting webdriver
 2020-07-07 21:19:24,752 [pool-2-thread-1] org.webrtc.kite.TestManager  INFO  - Test PASSED
 2020-07-07 21:19:24,753 [pool-1-thread-1] org.webrtc.kite.MatrixRunner  INFO  - Matrix runner at last phase, ending. 
 2020-07-07 21:19:24,807 [pool-1-thread-1] 2020-07-07-211700  WARN  - Done! All test cases have passed!
 2020-07-07 21:19:24,808 [pool-1-thread-1] org.webrtc.kite.MatrixRunner  INFO  - shutdownExecutors() done.
 2020-07-07 21:19:24,812 [pool-1-thread-1] org.webrtc.kite.TestRunThread  DEBUG - The following are results for {"type":"interop","name":"Join Meeting Test %ts","testImpl":"org.webrtc.kite.sample.test.JoinMeetingTest","description":"searches for telebu and initiate call","tupleSize":3,"noOfThreads":1,"maxRetryCount":0,"delayForClosing":0,"permute":true}:

{"resultId":"5c4367be-7cff-49da-ac24-324db15552f1","startTime":"1594136820735","endTimestamp":"1594136964745","result":"{\"\":{\"name\":\"WIN_ch-WIN_ch-WIN_ch (2020-07-07-211700) - 0\",\"start\":1594136829932,\"stop\":1594136964729,\"description\":\"WIN_ch-WIN_ch-WIN_ch (2020-07-07-211700)\",\"stage\":\"finished\",\"status\":\"PASSED\",\"parameters\":[],\"steps\":[{\"name\":\"Filling out reports, handling payload, creating runners..\",\"start\":1594136820762,\"stop\":1594136829919,\"description\":\"Filling out reports, handling payload, creating runners..\",\"stage\":\"finished\",\"status\":\"PASSED\",\"parameters\":[],\"steps\":[],\"attachments\":[],\"statusDetails\":{\"known\":false,\"muted\":false,\"flaky\":false,\"message\":\"The test has passed successfully!\"}},{\"name\":\"Creating webDriver for runner - 2\",\"start\":1594136820829,\"stop\":1594136825407,\"description\":\"Creating webDriver for runner - 2\",\"stage\":\"finished\",\"status\":\"PASSED\",\"parameters\":[],\"steps\":[],\"attachments\":[],\"statusDetails\":{\"known\":false,\"muted\":false,\"flaky\":false,\"message\":\"The test has passed successfully!\"}},{\"name\":\"Creating webDriver for runner - 1\",\"start\":1594136820825,\"stop\":1594136825407,\"description\":\"Creating webDriver for runner - 1\",\"stage\":\"finished\",\"status\":\"PASSED\",\"parameters\":[],\"steps\":[],\"attachments\":[],\"statusDetails\":{\"known\":false,\"muted\":false,\"flaky\":false,\"message\":\"The test has passed successfully!\"}},{\"name\":\"Creating webDriver for runner - 0\",\"start\":1594136820825,\"stop\":1594136825411,\"description\":\"Creating webDriver for runner - 0\",\"stage\":\"finished\",\"status\":\"PASSED\",\"parameters\":[],\"steps\":[],\"attachments\":[],\"statusDetails\":{\"known\":false,\"muted\":false,\"flaky\":false,\"message\":\"The test has passed successfully!\"}},{\"name\":\"ch83_WIN-a6960 - 0: Navigate to join website\",\"start\":1594136829928,\"stop\":1594136835157,\"description\":\"Navigate to join website\",\"stage\":\"finished\",\"status\":\"PASSED\",\"parameters\":[],\"steps\":[],\"attachments\":[],\"statusDetails\":{\"known\":false,\"muted\":false,\"flaky\":false,\"message\":\"The test has passed successfully!\"}},{\"name\":\"ch83_WIN-a6960 - 0: Get otp and login step\",\"start\":1594136835158,\"stop\":1594136859947,\"description\":\"Get otp and login step\",\"stage\":\"finished\",\"status\":\"PASSED\",\"parameters\":[],\"steps\":[],\"attachments\":[],\"statusDetails\":{\"known\":false,\"muted\":false,\"flaky\":false,\"message\":\"The test has passed successfully!\"}},{\"name\":\"ch83_WIN-a6960 - 0: link checks and share with participant\",\"start\":1594136859947,\"stop\":1594136860336,\"description\":\"link checks and share with participant\",\"stage\":\"finished\",\"status\":\"PASSED\",\"parameters\":[],\"steps\":[],\"attachments\":[],\"statusDetails\":{\"known\":false,\"muted\":false,\"flaky\":false,\"message\":\"The test has passed successfully!\"}},{\"name\":\"ch83_WIN-a6960 - 0: Echo test\",\"start\":1594136860336,\"stop\":1594136862176,\"description\":\"Echo test\",\"stage\":\"finished\",\"status\":\"PASSED\",\"parameters\":[],\"steps\":[],\"attachments\":[],\"statusDetails\":{\"known\":false,\"muted\":false,\"flaky\":false,\"message\":\"The test has passed successfully!\"}},{\"name\":\"ch83_WIN-a6960 - 0: Meeting Name Test\",\"start\":1594136862176,\"stop\":1594136862958,\"description\":\"Meeting Name Test\",\"stage\":\"finished\",\"status\":\"PASSED\",\"parameters\":[],\"steps\":[],\"attachments\":[],\"statusDetails\":{\"known\":false,\"muted\":false,\"flaky\":false,\"message\":\"The test has passed successfully!\"}},{\"name\":\"ch83_WIN-a6960 - 0: Message verification Test\",\"start\":1594136862958,\"stop\":1594136882297,\"description\":\"Message verification Test\",\"stage\":\"finished\",\"status\":\"PASSED\",\"parameters\":[],\"steps\":[],\"attachments\":[],\"statusDetails\":{\"known\":false,\"muted\":false,\"flaky\":false,\"message\":\"The test has passed successfully!\"}},{\"name\":\"ch83_WIN-a6960 - 0: Member count Verification Test\",\"start\":1594136882297,\"stop\":1594136882951,\"description\":\"Member count Verification Test\",\"stage\":\"finished\",\"status\":\"PASSED\",\"parameters\":[],\"steps\":[],\"attachments\":[],\"statusDetails\":{\"known\":false,\"muted\":false,\"flaky\":false,\"message\":\"The test has passed successfully!\"}},{\"name\":\"ch83_WIN-a6960 - 0: mute button Test\",\"start\":1594136882951,\"stop\":1594136893213,\"description\":\"mute button Test\",\"stage\":\"finished\",\"status\":\"PASSED\",\"parameters\":[],\"steps\":[],\"attachments\":[],\"statusDetails\":{\"known\":false,\"muted\":false,\"flaky\":false,\"message\":\"The test has passed successfully!\"}},{\"name\":\"ch83_WIN-a6960 - 0: Lock Room Test\",\"start\":1594136893213,\"stop\":1594136902261,\"description\":\"Lock Room Test\",\"stage\":\"finished\",\"status\":\"PASSED\",\"parameters\":[],\"steps\":[],\"attachments\":[],\"statusDetails\":{\"known\":false,\"muted\":false,\"flaky\":false,\"message\":\"The test has passed successfully!\"}},{\"name\":\"ch83_WIN-a6960 - 0: Video play/pause test\",\"start\":1594136902262,\"stop\":1594136907226,\"description\":\"Video play/pause test\",\"stage\":\"finished\",\"status\":\"PASSED\",\"parameters\":[],\"steps\":[],\"attachments\":[],\"statusDetails\":{\"known\":false,\"muted\":false,\"flaky\":false,\"message\":\"The test has passed successfully!\"}},{\"name\":\"ch83_WIN-a6960 - 0: connecton Data checks\",\"start\":1594136907226,\"stop\":1594136910593,\"description\":\"connecton Data checks\",\"stage\":\"finished\",\"status\":\"PASSED\",\"parameters\":[],\"steps\":[],\"attachments\":[],\"statusDetails\":{\"known\":false,\"muted\":false,\"flaky\":false,\"message\":\"The test has passed successfully!\"}},{\"name\":\"ch83_WIN-a6960 - 0: FullScreen And mute all test\",\"start\":1594136910593,\"stop\":1594136916057,\"description\":\"FullScreen And mute all test\",\"stage\":\"finished\",\"status\":\"PASSED\",\"parameters\":[],\"steps\":[],\"attachments\":[],\"statusDetails\":{\"known\":false,\"muted\":false,\"flaky\":false,\"message\":\"The test has passed successfully!\"}},{\"name\":\"ch83_WIN-a6960 - 0: Check the All videos are being received\",\"start\":1594136916057,\"stop\":1594136916553,\"description\":\"Check the All videos are being received\",\"stage\":\"finished\",\"status\":\"PASSED\",\"parameters\":[],\"steps\":[],\"attachments\":[],\"statusDetails\":{\"known\":false,\"muted\":false,\"flaky\":false,\"message\":\"The test has passed successfully!\"}},{\"name\":\"ch83_WIN-a6960 - 0: Resolution Test\",\"start\":1594136916553,\"stop\":1594136918099,\"description\":\"Resolution Test\",\"stage\":\"finished\",\"status\":\"PASSED\",\"parameters\":[],\"steps\":[],\"attachments\":[],\"statusDetails\":{\"known\":false,\"muted\":false,\"flaky\":false,\"message\":\"The test has passed successfully!\"}},{\"name\":\"ch83_WIN-a6960 - 0: Screen Share Test\",\"start\":1594136918100,\"stop\":1594136919367,\"description\":\"Screen Share Test\",\"stage\":\"finished\",\"status\":\"SKIPPED\",\"parameters\":[],\"steps\":[],\"attachments\":[{\"name\":\"error_screenshot_ScreenSharechecks\",\"type\":\"image/png\",\"source\":\"ec6d886b-6acb-450d-a6e8-d17de0b1681c-attachment.png\"},{\"name\":\"error.log\",\"type\":\"text/json\",\"source\":\"c9a99922-ca10-47df-8079-77616b3af1d3-attachment.json\"}],\"statusDetails\":{\"known\":true,\"muted\":false,\"flaky\":false,\"message\":\"Screen Share button is not working\\r\\n\\r\\n\",\"trace\":\"io.cosmosoftware.kite.exception.KiteTestException: Screen Share button is not working\\r\\n\\r\\n\\r\\n\\tat org.webrtc.kite.sample.checks.ScreenSharechecks.step(ScreenSharechecks.java:27)\\r\\n\\tat io.cosmosoftware.kite.steps.TestStep.execute(TestStep.java:67)\\r\\n\\tat io.cosmosoftware.kite.steps.TestStep.processTestStep(TestStep.java:307)\\r\\n\\tat org.webrtc.kite.tests.TestRunner.call(TestRunner.java:182)\\r\\n\\tat java.util.concurrent.FutureTask.run(Unknown Source)\\r\\n\\tat java.util.concurrent.ThreadPoolExecutor.runWorker(Unknown Source)\\r\\n\\tat java.util.concurrent.ThreadPoolExecutor$Worker.run(Unknown Source)\\r\\n\\tat java.lang.Thread.run(Unknown Source)\\r\\n\"}},{\"name\":\"ch83_WIN-a6960 - 0: Hangout\",\"start\":1594136919367,\"stop\":1594136939826,\"description\":\"Hangout\",\"stage\":\"finished\",\"status\":\"PASSED\",\"parameters\":[],\"steps\":[],\"attachments\":[],\"statusDetails\":{\"known\":false,\"muted\":false,\"flaky\":false,\"message\":\"The test has passed successfully!\"}},{\"name\":\"ch83_WIN-a6960 - 0: Profile Data Test\",\"start\":1594136939826,\"stop\":1594136947420,\"description\":\"Profile Data Test\",\"stage\":\"finished\",\"status\":\"PASSED\",\"parameters\":[],\"steps\":[],\"attachments\":[],\"statusDetails\":{\"known\":false,\"muted\":false,\"flaky\":false,\"message\":\"The test has passed successfully!\"}},{\"name\":\"ch83_WIN-f3eb9 - 1: Participant Join script\",\"start\":1594136829928,\"stop\":1594136960830,\"description\":\"Participant Join script\",\"stage\":\"finished\",\"status\":\"PASSED\",\"parameters\":[],\"steps\":[],\"attachments\":[],\"statusDetails\":{\"known\":false,\"muted\":false,\"flaky\":false,\"message\":\"The test has passed successfully!\"}},{\"name\":\"ch83_WIN-2b2b7 - 2: Participant Join script\",\"start\":1594136829932,\"stop\":1594136964729,\"description\":\"Participant Join script\",\"stage\":\"finished\",\"status\":\"PASSED\",\"parameters\":[],\"steps\":[],\"attachments\":[],\"statusDetails\":{\"known\":false,\"muted\":false,\"flaky\":false,\"message\":\"The test has passed successfully!\"}},{\"name\":\"Cleaning up and finishing the test\",\"start\":1594136964730,\"stop\":1594136964733,\"description\":\"Cleaning up and finishing the test\",\"stage\":\"finished\",\"status\":\"PASSED\",\"parameters\":[],\"steps\":[],\"attachments\":[],\"statusDetails\":{\"known\":false,\"muted\":false,\"flaky\":false,\"message\":\"The test has passed successfully!\"}}],\"attachments\":[],\"statusDetails\":{\"known\":false,\"muted\":false,\"flaky\":false,\"message\":\"The test has passed successfully!\"},\"uuid\":\"10648b75-9111-468b-958c-d8d3fe0e12f5\",\"fullName\":\"org.webrtc.kite.sample.test.JoinMeetingTest\",\"historyId\":\"9b354f1f-81bc-494f-984e-0d4cde389a50\",\"links\":[],\"labels\":[{\"name\":\"package\",\"value\":\"package org.webrtc.kite.sample.test\"},{\"name\":\"testClass\",\"value\":\"class org.webrtc.kite.sample.test.JoinMeetingTest\"},{\"name\":\"testMethod\",\"value\":\"execute\"},{\"name\":\"host\",\"value\":\"LAPTOP-55QTI3A6\"},{\"name\":\"suite\",\"value\":\"Join Meeting Test  (2020-07-07-211700)\"},{\"name\":\"parentSuite\",\"value\":\"TelebuJoin Meeting [2020-07-07-211700]\"}]}}"}
END OF RESULTS

 