2020-07-07 20:14:26,474 INFO  - Reading 'D:\kite\KITE\Join\configs\meeting.chrome.config.json' ...
 2020-07-07 20:14:26,573 INFO  - new RoomManager(1) for null
 2020-07-07 20:14:26,574 INFO  - Finished reading the configuration file
 2020-07-07 20:14:26,575 INFO  - Creating report folder if not exist at :D:\kite\KITE\Join/kite-allure-reports/
 2020-07-07 20:14:26,586 INFO  - Running {"type":"interop","name":"Join Meeting Test %ts","testImpl":"org.webrtc.kite.sample.test.JoinMeetingTest","description":"searches for telebu and initiate call","tupleSize":3,"noOfThreads":1,"maxRetryCount":0,"delayForClosing":0,"permute":true} ...
 2020-07-07 20:14:27,185 INFO  - Executing {"type":"interop","name":"Join Meeting Test %ts","testImpl":"org.webrtc.kite.sample.test.JoinMeetingTest","description":"searches for telebu and initiate call","tupleSize":3,"noOfThreads":1,"maxRetryCount":0,"delayForClosing":0,"permute":true} for 1 browser tuples with size :3
 2020-07-07 20:14:27,197 INFO  - current phase in test manager has been set to DEFAULT
 2020-07-07 20:14:27,217 INFO  - 
           |--------------------------------------------------
           | Number of registered tests: 0
           | Elapsed time: 0m0s (avg:0m0s)
           | Running test case with ID: 0/1
           | ETA (for Join Meeting Test %ts): Estimating..
           |--------------------------------------------------
 2020-07-07 20:14:27,219 INFO  - execute(DEFAULT) for the test case: WIN_ch-WIN_ch-WIN_ch (2020-07-07-201427)
 2020-07-07 20:14:27,225 INFO  - Not load test, init report for test
 2020-07-07 20:14:27,244 INFO  - Finished filling out initial report for phase 
 2020-07-07 20:14:27,244 INFO  - payload handling
 2020-07-07 20:14:27,245 INFO  - the payload is {"takeScreenshotForEachTest":true,"meetingDuration":60,"multiThread":true,"sfu":true}
 2020-07-07 20:14:27,331 INFO  - Creating runners
 2020-07-07 20:14:27,336 INFO  - Start creating the TestRunner id 0 in 0ms
 2020-07-07 20:14:27,336 INFO  - Start creating the TestRunner id 1 in 0ms
 2020-07-07 20:14:27,337 INFO  - Start creating the TestRunner id 2 in 0ms
 2020-07-07 20:14:27,358 INFO  - Creating web driver for {"app":false,"kind":"browser","logger":{"name":"org.webrtc.kite.config.client.Client","debugEnabled":true},"count":5,"clientIndex":0,"fullReset":false,"jsonConfig":{"_video":{"duration":{},"filename":{},"type":{},"directory":{}},"browserName":{},"platform":{},"_audio":{"duration":{},"filename":{},"type":{},"directory":{}},"useFakeMedia":"true"},"capability":{"headless":false,"windowSize":"1920,1200","technologyPreview":false,"useFakeMedia":true,"flags":[],"extraCapabilities":{},"maxInstances":5,"gateway":"none"},"paas":{"availableSlots":0,"type":"local","region":"NC","url":"http://0.0.0.0:4444/wd/hub"},"name":"0","exclude":false,"browserSpecs":{"extension":"","profile":"","driverString":"-Dwebdriver.chrome.driver=./chromedriver","browserName":"chrome","deviceName":"unknown","platform":"WINDOWS"},"region":"NC"}
 2020-07-07 20:14:27,358 INFO  - Creating web driver for {"app":false,"kind":"browser","logger":{"name":"org.webrtc.kite.config.client.Client","debugEnabled":true},"count":5,"clientIndex":0,"fullReset":false,"jsonConfig":{"_video":{"duration":{},"filename":{},"type":{},"directory":{}},"browserName":{},"platform":{},"_audio":{"duration":{},"filename":{},"type":{},"directory":{}},"useFakeMedia":"true"},"capability":{"headless":false,"windowSize":"1920,1200","technologyPreview":false,"useFakeMedia":true,"flags":[],"extraCapabilities":{},"maxInstances":5,"gateway":"none"},"paas":{"availableSlots":0,"type":"local","region":"NC","url":"http://0.0.0.0:4444/wd/hub"},"name":"1","exclude":false,"browserSpecs":{"extension":"","profile":"","driverString":"-Dwebdriver.chrome.driver=./chromedriver","browserName":"chrome","deviceName":"unknown","platform":"WINDOWS"},"region":"NC"}
 2020-07-07 20:14:27,358 INFO  - Creating web driver for {"app":false,"kind":"browser","logger":{"name":"org.webrtc.kite.config.client.Client","debugEnabled":true},"count":5,"clientIndex":0,"fullReset":false,"jsonConfig":{"_video":{"duration":{},"filename":{},"type":{},"directory":{}},"browserName":{},"platform":{},"_audio":{"duration":{},"filename":{},"type":{},"directory":{}},"useFakeMedia":"true"},"capability":{"headless":false,"windowSize":"1920,1200","technologyPreview":false,"useFakeMedia":true,"flags":[],"extraCapabilities":{},"maxInstances":5,"gateway":"none"},"paas":{"availableSlots":0,"type":"local","region":"NC","url":"http://0.0.0.0:4444/wd/hub"},"name":"2","exclude":false,"browserSpecs":{"extension":"","profile":"","driverString":"-Dwebdriver.chrome.driver=./chromedriver","browserName":"chrome","deviceName":"unknown","platform":"WINDOWS"},"region":"NC"}
 2020-07-07 20:14:32,888 INFO  - Starting the execution of the test runners in parallel 
 2020-07-07 20:14:32,888 INFO  - execute(DEFAULT) completed.
 2020-07-07 20:14:32,890 INFO  - Terminating, quiting webdriver
 2020-07-07 20:14:32,892 INFO  - Test PASSED
 2020-07-07 20:14:32,893 INFO  - Matrix runner at last phase, ending. 
 2020-07-07 20:14:32,906 WARN  - Done! All test cases have passed!
 2020-07-07 20:14:32,907 INFO  - shutdownExecutors() done.
 